SF:lib/src/filter_db.dart
DA:8,2
DA:13,10
DA:15,4
DA:17,2
DA:18,6
LF:5
LH:5
end_of_record
SF:lib/src/condition_db.dart
DA:12,2
DA:14,2
DA:16,2
DA:18,2
DA:20,2
DA:22,2
DA:24,2
DA:26,0
LF:8
LH:7
end_of_record
SF:lib/src/column_db.dart
DA:17,2
DA:26,4
DA:29,0
DA:32,4
DA:34,2
DA:36,8
DA:37,2
DA:38,2
DA:43,0
DA:45,0
DA:46,0
DA:50,2
DA:53,8
DA:54,8
DA:55,8
LF:15
LH:11
end_of_record
SF:lib/src/field_type_db.dart
DA:19,2
DA:20,4
LF:2
LH:2
end_of_record
SF:lib/src/psqlite.dart
DA:28,2
DA:29,4
DA:30,2
DA:31,0
DA:32,2
DA:35,0
DA:36,0
DA:38,0
DA:41,0
DA:44,0
DA:47,0
DA:48,0
DA:49,0
DA:53,0
DA:56,0
DA:59,2
DA:63,4
DA:66,2
DA:67,2
DA:68,2
DA:69,6
DA:74,0
DA:76,0
DA:77,0
DA:78,0
DA:80,0
DA:81,0
DA:84,0
DA:89,2
DA:91,2
DA:92,2
DA:93,4
DA:94,2
DA:100,0
DA:102,0
DA:103,0
DA:107,0
DA:109,0
DA:110,0
DA:111,0
DA:113,0
DA:115,0
DA:116,0
DA:119,0
DA:123,2
DA:124,2
DA:127,2
DA:129,6
DA:130,4
DA:131,2
DA:136,2
DA:138,2
DA:141,6
DA:142,8
DA:143,0
DA:145,6
DA:146,6
DA:147,0
DA:154,2
DA:157,2
DA:158,6
DA:159,2
DA:161,2
DA:162,2
DA:163,2
DA:170,0
DA:171,0
DA:172,0
DA:173,0
DA:174,0
DA:175,0
DA:176,0
DA:177,0
DA:179,0
DA:184,0
DA:185,0
DA:186,0
DA:187,0
DA:188,0
DA:189,0
DA:190,0
DA:192,0
DA:197,2
DA:198,2
DA:199,6
LF:85
LH:37
end_of_record
SF:lib/src/table_db.dart
DA:15,0
DA:18,2
DA:19,8
DA:22,2
DA:25,2
DA:29,0
DA:30,0
DA:31,0
DA:33,0
DA:38,0
DA:40,0
DA:41,0
DA:42,0
DA:43,0
DA:48,0
DA:49,0
DA:52,0
DA:55,0
DA:56,4
DA:59,2
DA:60,12
DA:61,0
DA:62,0
DA:63,10
DA:64,0
DA:65,0
DA:66,10
DA:67,0
DA:68,0
DA:73,0
DA:74,0
DA:77,2
DA:78,2
DA:79,4
DA:80,8
DA:81,4
DA:82,4
DA:83,8
DA:84,2
DA:86,2
DA:93,2
DA:95,10
DA:102,0
DA:103,0
LF:44
LH:20
end_of_record
SF:lib/src/iterable_extension.dart
DA:4,2
DA:6,4
DA:7,2
DA:8,2
LF:4
LH:4
end_of_record
